{"__type":"$$EventMessageWorkflow","id":"c07ae473-48f1-4fb9-8a47-771545fb2dac","ts":"2025-11-07T11:08:42.604-05:00","eventName":"n8n.workflow.started","message":"n8n.workflow.started","payload":{"executionId":"581","workflowId":"AcbmsH9rJT7CgSJc","isManual":false,"workflowName":"Process"}}
{"__type":"$$EventMessageConfirm","confirm":"c07ae473-48f1-4fb9-8a47-771545fb2dac","ts":"2025-11-07T11:08:42.605-05:00","source":{"id":"0","name":"eventBus"}}
{"__type":"$$EventMessageNode","id":"491e3026-abf0-4403-b7b2-d128032b9214","ts":"2025-11-07T11:08:42.605-05:00","eventName":"n8n.node.started","message":"n8n.node.started","payload":{"workflowId":"AcbmsH9rJT7CgSJc","workflowName":"Process","executionId":"581","nodeType":"n8n-nodes-base.webhook","nodeName":"Webhook1","nodeId":"4829ec7d-3411-423a-9e27-36cdd266ab57"}}
{"__type":"$$EventMessageConfirm","confirm":"491e3026-abf0-4403-b7b2-d128032b9214","ts":"2025-11-07T11:08:42.605-05:00","source":{"id":"0","name":"eventBus"}}
{"__type":"$$EventMessageNode","id":"5d1a2992-ef5a-4bf9-a397-06fbbf561a85","ts":"2025-11-07T11:08:42.607-05:00","eventName":"n8n.node.finished","message":"n8n.node.finished","payload":{"workflowId":"AcbmsH9rJT7CgSJc","workflowName":"Process","executionId":"581","nodeType":"n8n-nodes-base.webhook","nodeName":"Webhook1","nodeId":"4829ec7d-3411-423a-9e27-36cdd266ab57"}}
{"__type":"$$EventMessageConfirm","confirm":"5d1a2992-ef5a-4bf9-a397-06fbbf561a85","ts":"2025-11-07T11:08:42.607-05:00","source":{"id":"0","name":"eventBus"}}
{"__type":"$$EventMessageNode","id":"7c74fc03-e92b-4c2c-b412-90b10446ec81","ts":"2025-11-07T11:08:42.607-05:00","eventName":"n8n.node.started","message":"n8n.node.started","payload":{"workflowId":"AcbmsH9rJT7CgSJc","workflowName":"Process","executionId":"581","nodeType":"n8n-nodes-base.if","nodeName":"If","nodeId":"5abe181e-6346-451e-bdc2-2e2a904a5f54"}}
{"__type":"$$EventMessageConfirm","confirm":"7c74fc03-e92b-4c2c-b412-90b10446ec81","ts":"2025-11-07T11:08:42.607-05:00","source":{"id":"0","name":"eventBus"}}
{"__type":"$$EventMessageNode","id":"21d9d003-b37f-4755-a407-d0148eff6c06","ts":"2025-11-07T11:08:42.619-05:00","eventName":"n8n.node.finished","message":"n8n.node.finished","payload":{"workflowId":"AcbmsH9rJT7CgSJc","workflowName":"Process","executionId":"581","nodeType":"n8n-nodes-base.if","nodeName":"If","nodeId":"5abe181e-6346-451e-bdc2-2e2a904a5f54"}}
{"__type":"$$EventMessageConfirm","confirm":"21d9d003-b37f-4755-a407-d0148eff6c06","ts":"2025-11-07T11:08:42.620-05:00","source":{"id":"0","name":"eventBus"}}
{"__type":"$$EventMessageWorkflow","id":"66bda291-baaf-463a-85d3-0b1179e380bb","ts":"2025-11-07T11:08:42.621-05:00","eventName":"n8n.workflow.success","message":"n8n.workflow.success","payload":{"executionId":"581","success":true,"isManual":false,"workflowId":"AcbmsH9rJT7CgSJc","workflowName":"Process"}}
{"__type":"$$EventMessageConfirm","confirm":"66bda291-baaf-463a-85d3-0b1179e380bb","ts":"2025-11-07T11:08:42.621-05:00","source":{"id":"0","name":"eventBus"}}
{"__type":"$$EventMessageWorkflow","id":"6457d21c-6bfb-4c1b-966e-2bc4be20d665","ts":"2025-11-07T11:08:58.282-05:00","eventName":"n8n.workflow.started","message":"n8n.workflow.started","payload":{"executionId":"582","workflowId":"AcbmsH9rJT7CgSJc","isManual":false,"workflowName":"Process"}}
{"__type":"$$EventMessageConfirm","confirm":"6457d21c-6bfb-4c1b-966e-2bc4be20d665","ts":"2025-11-07T11:08:58.283-05:00","source":{"id":"0","name":"eventBus"}}
{"__type":"$$EventMessageNode","id":"d24d9c7e-b12a-4736-a192-fb7ef29585d8","ts":"2025-11-07T11:08:58.283-05:00","eventName":"n8n.node.started","message":"n8n.node.started","payload":{"workflowId":"AcbmsH9rJT7CgSJc","workflowName":"Process","executionId":"582","nodeType":"n8n-nodes-base.webhook","nodeName":"Webhook1","nodeId":"4829ec7d-3411-423a-9e27-36cdd266ab57"}}
{"__type":"$$EventMessageConfirm","confirm":"d24d9c7e-b12a-4736-a192-fb7ef29585d8","ts":"2025-11-07T11:08:58.283-05:00","source":{"id":"0","name":"eventBus"}}
{"__type":"$$EventMessageNode","id":"7ae4b378-0ca9-47e3-8628-6c69ceaaa262","ts":"2025-11-07T11:08:58.283-05:00","eventName":"n8n.node.finished","message":"n8n.node.finished","payload":{"workflowId":"AcbmsH9rJT7CgSJc","workflowName":"Process","executionId":"582","nodeType":"n8n-nodes-base.webhook","nodeName":"Webhook1","nodeId":"4829ec7d-3411-423a-9e27-36cdd266ab57"}}
{"__type":"$$EventMessageConfirm","confirm":"7ae4b378-0ca9-47e3-8628-6c69ceaaa262","ts":"2025-11-07T11:08:58.283-05:00","source":{"id":"0","name":"eventBus"}}
{"__type":"$$EventMessageNode","id":"fb1e8b31-65a7-4647-b122-567f205c84c0","ts":"2025-11-07T11:08:58.283-05:00","eventName":"n8n.node.started","message":"n8n.node.started","payload":{"workflowId":"AcbmsH9rJT7CgSJc","workflowName":"Process","executionId":"582","nodeType":"n8n-nodes-base.if","nodeName":"If","nodeId":"5abe181e-6346-451e-bdc2-2e2a904a5f54"}}
{"__type":"$$EventMessageConfirm","confirm":"fb1e8b31-65a7-4647-b122-567f205c84c0","ts":"2025-11-07T11:08:58.284-05:00","source":{"id":"0","name":"eventBus"}}
{"__type":"$$EventMessageNode","id":"a16a9731-cdc3-4417-b170-0f6f73953580","ts":"2025-11-07T11:08:58.285-05:00","eventName":"n8n.node.finished","message":"n8n.node.finished","payload":{"workflowId":"AcbmsH9rJT7CgSJc","workflowName":"Process","executionId":"582","nodeType":"n8n-nodes-base.if","nodeName":"If","nodeId":"5abe181e-6346-451e-bdc2-2e2a904a5f54"}}
{"__type":"$$EventMessageConfirm","confirm":"a16a9731-cdc3-4417-b170-0f6f73953580","ts":"2025-11-07T11:08:58.285-05:00","source":{"id":"0","name":"eventBus"}}
{"__type":"$$EventMessageWorkflow","id":"309dc4b0-acea-47c4-98a6-035463520bfc","ts":"2025-11-07T11:08:58.286-05:00","eventName":"n8n.workflow.success","message":"n8n.workflow.success","payload":{"executionId":"582","success":true,"isManual":false,"workflowId":"AcbmsH9rJT7CgSJc","workflowName":"Process"}}
{"__type":"$$EventMessageConfirm","confirm":"309dc4b0-acea-47c4-98a6-035463520bfc","ts":"2025-11-07T11:08:58.286-05:00","source":{"id":"0","name":"eventBus"}}
